<?xml version="1.0" encoding="UTF-8"?>
<!-- Generated by org.testng.reporters.JUnitReportReporter -->
<testsuite hostname="IN-BAV-L0832" failures="0" tests="3" name="assignment.ddt.tests.VerifyLoginTests" time="89.074" errors="0" timestamp="2021-03-04T18:08:46 IST" skipped="0">
  <testcase classname="assignment.ddt.tests.VerifyLoginTests" name="verifyTitle" time="10.839"/>
  <system-out/>
  <testcase classname="assignment.ddt.tests.VerifyLoginTests" name="VerifyForgetPass" time="11.917"/>
  <system-out/>
  <testcase classname="assignment.ddt.tests.VerifyLoginTests" name="VerifyLinks" time="66.318"/>
  <system-out/>
</testsuite> <!-- assignment.ddt.tests.VerifyLoginTests -->
