<?xml version="1.0" encoding="UTF-8"?>
<!-- Generated by org.testng.reporters.JUnitReportReporter -->
<testsuite hostname="IN-BAV-L0832" failures="0" tests="1" name="assignment.ddt.tests.ValidLoginTests" time="0.000" errors="0" timestamp="2021-03-04T18:08:46 IST" skipped="1">
  <testcase classname="assignment.ddt.tests.ValidLoginTests" name="TestLogin" time="0.000">
    <skipped/>
  </testcase> <!-- TestLogin -->
  <system-out/>
</testsuite> <!-- assignment.ddt.tests.ValidLoginTests -->
