<?xml version="1.0" encoding="UTF-8"?>
<!-- Generated by org.testng.reporters.JUnitReportReporter -->
<testsuite hostname="IN-BAV-L0832" failures="0" tests="2" name="assignment.ddt.tests.FormTests" time="53.867" errors="0" timestamp="2021-03-04T18:08:46 IST" skipped="0">
  <testcase classname="assignment.ddt.tests.FormTests" name="DataFillForPIMPage" time="23.766"/>
  <system-out/>
  <testcase classname="assignment.ddt.tests.FormTests" name="DataFillForLeavePage" time="30.101"/>
  <system-out/>
</testsuite> <!-- assignment.ddt.tests.FormTests -->
