<?xml version="1.0" encoding="UTF-8"?>
<!-- Generated by org.testng.reporters.JUnitReportReporter -->
<testsuite hostname="IN-BAV-L0832" failures="0" tests="7" name="assignment.ddt.tests.MenuTests" time="151.872" errors="0" timestamp="2021-03-04T18:08:46 IST" skipped="0">
  <testcase classname="assignment.ddt.tests.MenuTests" name="testMenuBar" time="19.913"/>
  <system-out/>
  <testcase classname="assignment.ddt.tests.MenuTests" name="SearchDropDown" time="18.051"/>
  <system-out/>
  <testcase classname="assignment.ddt.tests.MenuTests" name="TestAdminLinks" time="23.409"/>
  <system-out/>
  <testcase classname="assignment.ddt.tests.MenuTests" name="TestPIMLinks" time="19.426"/>
  <system-out/>
  <testcase classname="assignment.ddt.tests.MenuTests" name="TestLeaveLinks" time="24.577"/>
  <system-out/>
  <testcase classname="assignment.ddt.tests.MenuTests" name="TestTimeLinks" time="20.056"/>
  <system-out/>
  <testcase classname="assignment.ddt.tests.MenuTests" name="TestRecruitmentLinks" time="26.440"/>
  <system-out/>
</testsuite> <!-- assignment.ddt.tests.MenuTests -->
